<?xml version="1.0" encoding="UTF-8"?>
<!-- Generated by org.testng.reporters.JUnitReportReporter -->
<testsuite hostname="DESKTOP-CGESL3R" name="first.testng.example.GroupTest" tests="2" failures="0" timestamp="22 Sep 2017 17:33:38 GMT" time="0.005" errors="0">
  <testcase name="secondGroup" time="0.000" classname="first.testng.example.GroupTest"/>
  <testcase name="firstGroup" time="0.005" classname="first.testng.example.GroupTest"/>
</testsuite> <!-- first.testng.example.GroupTest -->
