<?xml version="1.0" encoding="UTF-8"?>
<!-- Generated by org.testng.reporters.JUnitReportReporter -->
<testsuite hostname="DESKTOP-CGESL3R" name="firstLesson.AppTest" tests="1" failures="0" timestamp="22 Sep 2017 17:33:38 GMT" time="0.001" errors="0">
  <testcase name="testApp" time="0.001" classname="firstLesson.AppTest"/>
</testsuite> <!-- firstLesson.AppTest -->
