<?xml version="1.0" encoding="UTF-8"?>
<!-- Generated by org.testng.reporters.JUnitReportReporter -->
<testsuite hostname="DESKTOP-CGESL3R" name="first.testng.example.secondDemo" tests="2" failures="0" timestamp="22 Sep 2017 17:25:08 GMT" time="0.005" errors="0">
  <testcase name="firsttestng" time="0.000" classname="first.testng.example.secondDemo"/>
  <testcase name="secondtestng" time="0.005" classname="first.testng.example.secondDemo"/>
</testsuite> <!-- first.testng.example.secondDemo -->
